<?xml version="1.0" encoding="UTF-8"?>
<!-- Generated by org.testng.reporters.JUnitReportReporter -->
<testsuite hostname="HEERA" failures="0" tests="1" name="com.jenkinsbasic.practice.Sample" time="8.813" errors="0" timestamp="31 May 2022 06:24:20 GMT" skipped="0">
  <testcase classname="com.jenkinsbasic.practice.Sample" name="parameterTest" time="8.813"/>
</testsuite> <!-- com.jenkinsbasic.practice.Sample -->
